{
  "RSpec": {
    "coverage": {
      "/Users/paul/turing/mod3/sweater_weather/config/environment.rb": [
        null,
        1,
        null,
        null,
        1
      ],
      "/Users/paul/turing/mod3/sweater_weather/config/application.rb": [
        1,
        null,
        1,
        null,
        1,
        1,
        1,
        1,
        1,
        1,
        1,
        1,
        null,
        1,
        null,
        null,
        null,
        1,
        null,
        1,
        1,
        null,
        1,
        null,
        null,
        null,
        null,
        null,
        null,
        null,
        null,
        null,
        1,
        null,
        null
      ],
      "/Users/paul/turing/mod3/sweater_weather/config/boot.rb": [
        1,
        null,
        1,
        1
      ],
      "/Users/paul/turing/mod3/sweater_weather/config/environments/test.rb": [
        1,
        null,
        null,
        null,
        null,
        null,
        null,
        1,
        null,
        null,
        null,
        null,
        1,
        null,
        null,
        1,
        1,
        null,
        null,
        null,
        null,
        1,
        1,
        null,
        null,
        1,
        null,
        null,
        1,
        null,
        null,
        1,
        null,
        1,
        null,
        null,
        null,
        null,
        1,
        null,
        null,
        1,
        null,
        null,
        null,
        null
      ],
      "/Users/paul/turing/mod3/sweater_weather/config/initializers/application_controller_renderer.rb": [
        null,
        null,
        null,
        null,
        null,
        null,
        null,
        null
      ],
      "/Users/paul/turing/mod3/sweater_weather/config/initializers/backtrace_silencers.rb": [
        null,
        null,
        null,
        null,
        null,
        null,
        null
      ],
      "/Users/paul/turing/mod3/sweater_weather/config/initializers/cors.rb": [
        null,
        null,
        null,
        null,
        null,
        null,
        null,
        null,
        null,
        null,
        null,
        null,
        null,
        null,
        null,
        null
      ],
      "/Users/paul/turing/mod3/sweater_weather/config/initializers/filter_parameter_logging.rb": [
        null,
        null,
        null,
        1
      ],
      "/Users/paul/turing/mod3/sweater_weather/config/initializers/inflections.rb": [
        null,
        null,
        null,
        null,
        null,
        null,
        null,
        null,
        null,
        null,
        null,
        null,
        null,
        null,
        null,
        null
      ],
      "/Users/paul/turing/mod3/sweater_weather/config/initializers/mime_types.rb": [
        null,
        null,
        null,
        null
      ],
      "/Users/paul/turing/mod3/sweater_weather/config/initializers/wrap_parameters.rb": [
        null,
        null,
        null,
        null,
        null,
        null,
        1,
        2,
        null,
        null,
        null,
        null,
        null,
        null
      ],
      "/Users/paul/turing/mod3/sweater_weather/config/routes.rb": [
        1,
        null,
        null,
        1,
        1,
        1,
        1,
        1,
        1,
        1,
        1,
        null,
        null,
        null
      ],
      "/Users/paul/turing/mod3/sweater_weather/spec/requests/giphy_spec.rb": [
        1,
        null,
        null,
        1,
        1,
        null,
        1,
        1,
        1,
        1,
        1,
        1,
        1,
        null,
        null,
        null
      ],
      "/Users/paul/turing/mod3/sweater_weather/app/controllers/api/v1/gifs_controller.rb": [
        1,
        null,
        1,
        2,
        2,
        null,
        null,
        1,
        null,
        1,
        2,
        null,
        null,
        null
      ],
      "/Users/paul/turing/mod3/sweater_weather/app/controllers/application_controller.rb": [
        1,
        1,
        1,
        null,
        1,
        0,
        null,
        null,
        null
      ],
      "/Users/paul/turing/mod3/sweater_weather/app/facades/forecast_facade.rb": [
        1,
        1,
        2,
        null,
        null,
        1,
        8,
        8,
        null,
        null,
        1,
        4,
        null,
        null,
        1,
        0,
        0,
        null,
        null,
        1,
        2,
        2,
        16,
        null,
        2,
        null,
        null,
        1,
        null,
        1,
        8,
        null,
        null,
        1,
        4,
        null,
        null,
        1,
        2,
        2,
        16,
        null,
        2,
        null,
        null,
        1,
        0,
        null,
        null
      ],
      "/Users/paul/turing/mod3/sweater_weather/app/serializers/giphy_serializer.rb": [
        1,
        1,
        1,
        1,
        null
      ],
      "/Users/paul/turing/mod3/sweater_weather/app/models/forecast.rb": [
        1,
        null,
        1,
        1,
        1,
        4,
        4,
        4,
        4,
        4,
        null,
        null,
        null
      ],
      "/Users/paul/turing/mod3/sweater_weather/app/services/darksky_api.rb": [
        1,
        null,
        1,
        4,
        4,
        null,
        null,
        1,
        4,
        4,
        null,
        null,
        1,
        null,
        1,
        4,
        4,
        null,
        null,
        null,
        null
      ],
      "/Users/paul/turing/mod3/sweater_weather/app/services/geocoding_api.rb": [
        1,
        null,
        1,
        8,
        null,
        null,
        1,
        8,
        8,
        null,
        null,
        1,
        null,
        1,
        8,
        8,
        8,
        null,
        null,
        null,
        null
      ],
      "/Users/paul/turing/mod3/sweater_weather/app/models/coordinate.rb": [
        1,
        1,
        null,
        1,
        null,
        8,
        8,
        null,
        null
      ],
      "/Users/paul/turing/mod3/sweater_weather/app/services/giphy_api.rb": [
        1,
        null,
        1,
        16,
        null,
        null,
        1,
        16,
        16,
        null,
        null,
        1,
        null,
        1,
        16,
        16,
        null,
        null,
        null
      ],
      "/Users/paul/turing/mod3/sweater_weather/app/models/gif.rb": [
        null,
        null,
        1,
        1,
        1,
        1,
        16,
        16,
        16,
        16,
        16,
        null,
        null,
        null
      ]
    },
    "timestamp": 1568782614
  }
}
